0 info it worked if it ends with ok
1 verbose cli [ 'C:\\Program Files\\nodejs\\node.exe',
1 verbose cli   'C:\\Program Files\\nodejs\\node_modules\\npm\\bin\\npm-cli.js',
1 verbose cli   'run',
1 verbose cli   'dev' ]
2 info using npm@3.10.10
3 info using node@v6.10.2
4 verbose run-script [ 'predev', 'dev', 'postdev' ]
5 info lifecycle smartadmin-angularjs-app@1.8.1~predev: smartadmin-angularjs-app@1.8.1
6 silly lifecycle smartadmin-angularjs-app@1.8.1~predev: no script for predev, continuing
7 info lifecycle smartadmin-angularjs-app@1.8.1~dev: smartadmin-angularjs-app@1.8.1
8 verbose lifecycle smartadmin-angularjs-app@1.8.1~dev: unsafe-perm in lifecycle true
9 verbose lifecycle smartadmin-angularjs-app@1.8.1~dev: PATH: C:\Program Files\nodejs\node_modules\npm\bin\node-gyp-bin;E:\wamp64\www\ezsportrpdev\node_modules\.bin;C:\ProgramData\Oracle\Java\javapath;C:\WINDOWS\system32;C:\WINDOWS;C:\WINDOWS\System32\Wbem;C:\WINDOWS\System32\WindowsPowerShell\v1.0\;C:\Program Files (x86)\Skype\Phone\;F:\sdk\tools;F:\sdk\platform-tools;C:\Program Files\Git\cmd;C:\Program Files\nodejs\;E:\wamp64\bin\php\php7.0.10;C:\ProgramData\ComposerSetup\bin;C:\Users\master\AppData\Local\Microsoft\WindowsApps;C:\Users\master\AppData\Roaming\npm;C:\Users\master\AppData\Roaming\Composer\vendor\bin;
10 verbose lifecycle smartadmin-angularjs-app@1.8.1~dev: CWD: E:\wamp64\www\ezsportrpdev
11 silly lifecycle smartadmin-angularjs-app@1.8.1~dev: Args: [ '/d /s /c', 'gulp dev' ]
12 silly lifecycle smartadmin-angularjs-app@1.8.1~dev: Returned: code: 1  signal: null
13 info lifecycle smartadmin-angularjs-app@1.8.1~dev: Failed to exec dev script
14 verbose stack Error: smartadmin-angularjs-app@1.8.1 dev: `gulp dev`
14 verbose stack Exit status 1
14 verbose stack     at EventEmitter.<anonymous> (C:\Program Files\nodejs\node_modules\npm\lib\utils\lifecycle.js:255:16)
14 verbose stack     at emitTwo (events.js:106:13)
14 verbose stack     at EventEmitter.emit (events.js:191:7)
14 verbose stack     at ChildProcess.<anonymous> (C:\Program Files\nodejs\node_modules\npm\lib\utils\spawn.js:40:14)
14 verbose stack     at emitTwo (events.js:106:13)
14 verbose stack     at ChildProcess.emit (events.js:191:7)
14 verbose stack     at maybeClose (internal/child_process.js:886:16)
14 verbose stack     at Process.ChildProcess._handle.onexit (internal/child_process.js:226:5)
15 verbose pkgid smartadmin-angularjs-app@1.8.1
16 verbose cwd E:\wamp64\www\ezsportrpdev
17 error Windows_NT 10.0.15063
18 error argv "C:\\Program Files\\nodejs\\node.exe" "C:\\Program Files\\nodejs\\node_modules\\npm\\bin\\npm-cli.js" "run" "dev"
19 error node v6.10.2
20 error npm  v3.10.10
21 error code ELIFECYCLE
22 error smartadmin-angularjs-app@1.8.1 dev: `gulp dev`
22 error Exit status 1
23 error Failed at the smartadmin-angularjs-app@1.8.1 dev script 'gulp dev'.
23 error Make sure you have the latest version of node.js and npm installed.
23 error If you do, this is most likely a problem with the smartadmin-angularjs-app package,
23 error not with npm itself.
23 error Tell the author that this fails on your system:
23 error     gulp dev
23 error You can get information on how to open an issue for this project with:
23 error     npm bugs smartadmin-angularjs-app
23 error Or if that isn't available, you can get their info via:
23 error     npm owner ls smartadmin-angularjs-app
23 error There is likely additional logging output above.
24 verbose exit [ 1, true ]
